{
  "timestamp": "2026-02-15T19:35:28.420Z",
  "category": "fad_delivery",
  "transactionId": "simultaneous-1771184128412-46lx89s6j",
  "action": "SEND_ATTEMPT",
  "provider": "fad",
  "recipient": "+967774577134",
  "messageType": "TEMPLATE",
  "hasTemplate": true
}
{
  "timestamp": "2026-02-15T19:35:28.423Z",
  "category": "fad_delivery",
  "action": "CONFIGURATION_ERROR",
  "recipient": "+967774577134",
  "error": "FAD provider is missing URL, username, or password in settings.",
  "configPresent": {
    "url": true,
    "username": false,
    "password": false
  }
}
{
  "timestamp": "2026-02-15T19:35:28.432Z",
  "category": "fad_delivery",
  "transactionId": "simultaneous-1771184128412-46lx89s6j",
  "action": "SEND_RESULT",
  "provider": "fad",
  "success": false,
  "errorCode": "CONFIGURATION_ERROR",
  "errorMessage": "FAD provider is missing URL, username, or password in settings.",
  "durationMs": 12
}
{
  "timestamp": "2026-02-15T19:35:37.214Z",
  "category": "fad_delivery",
  "transactionId": "simultaneous-1771184137207-0cju4lf37",
  "action": "SEND_ATTEMPT",
  "provider": "fad",
  "recipient": "+967774577134",
  "messageType": "TEMPLATE",
  "hasTemplate": true
}
{
  "timestamp": "2026-02-15T19:35:37.217Z",
  "category": "fad_delivery",
  "action": "CONFIGURATION_ERROR",
  "recipient": "+967774577134",
  "error": "FAD provider is missing URL, username, or password in settings.",
  "configPresent": {
    "url": true,
    "username": false,
    "password": false
  }
}
{
  "timestamp": "2026-02-15T19:35:37.220Z",
  "category": "fad_delivery",
  "transactionId": "simultaneous-1771184137207-0cju4lf37",
  "action": "SEND_RESULT",
  "provider": "fad",
  "success": false,
  "errorCode": "CONFIGURATION_ERROR",
  "errorMessage": "FAD provider is missing URL, username, or password in settings.",
  "durationMs": 6
}
{
  "timestamp": "2026-02-15T19:48:02.404Z",
  "category": "fad_delivery",
  "action": "CONFIGURATION_ERROR",
  "recipient": "+967774577134",
  "error": "FAD provider is missing URL, username, or password in settings.",
  "configPresent": {
    "url": true,
    "username": false,
    "password": false
  }
}
{
  "timestamp": "2026-02-15T19:48:09.199Z",
  "category": "fad_delivery",
  "action": "CONFIGURATION_ERROR",
  "recipient": "+967774577134",
  "error": "FAD provider is missing URL, username, or password in settings.",
  "configPresent": {
    "url": true,
    "username": false,
    "password": false
  }
}
{
  "timestamp": "2026-02-15T19:48:13.312Z",
  "category": "fad_delivery",
  "action": "CONFIGURATION_ERROR",
  "recipient": "+967774577134",
  "error": "FAD provider is missing URL, username, or password in settings.",
  "configPresent": {
    "url": true,
    "username": false,
    "password": false
  }
}
{
  "timestamp": "2026-02-15T19:48:21.466Z",
  "category": "fad_delivery",
  "action": "CONFIGURATION_ERROR",
  "recipient": "+967774577134",
  "error": "FAD provider is missing URL, username, or password in settings.",
  "configPresent": {
    "url": true,
    "username": false,
    "password": false
  }
}
{
  "timestamp": "2026-02-15T19:48:26.833Z",
  "category": "fad_delivery",
  "action": "CONFIGURATION_ERROR",
  "recipient": "+967774577134",
  "error": "FAD provider is missing URL, username, or password in settings.",
  "configPresent": {
    "url": true,
    "username": false,
    "password": false
  }
}
{
  "timestamp": "2026-02-15T19:48:32.456Z",
  "category": "fad_delivery",
  "action": "CONFIGURATION_ERROR",
  "recipient": "+967774577134",
  "error": "FAD provider is missing URL, username, or password in settings.",
  "configPresent": {
    "url": true,
    "username": false,
    "password": false
  }
}
{
  "timestamp": "2026-02-15T19:52:47.720Z",
  "category": "fad_delivery",
  "action": "CONFIGURATION_ERROR",
  "recipient": "+967774577134",
  "error": "FAD provider is missing URL, username, or password in settings.",
  "configPresent": {
    "url": true,
    "username": false,
    "password": false
  }
}
{
  "timestamp": "2026-02-15T19:52:52.586Z",
  "category": "fad_delivery",
  "action": "CONFIGURATION_ERROR",
  "recipient": "+967774577134",
  "error": "FAD provider is missing URL, username, or password in settings.",
  "configPresent": {
    "url": true,
    "username": false,
    "password": false
  }
}
{
  "timestamp": "2026-02-15T19:52:56.719Z",
  "category": "fad_delivery",
  "action": "CONFIGURATION_ERROR",
  "recipient": "+967774577134",
  "error": "FAD provider is missing URL, username, or password in settings.",
  "configPresent": {
    "url": true,
    "username": false,
    "password": false
  }
}
{
  "timestamp": "2026-02-15T20:36:11.576Z",
  "category": "fad_delivery",
  "action": "SEND_ATTEMPT",
  "transactionId": "1771187771576577134863",
  "originalRecipient": "+967774577134",
  "formattedNumber": "774577134",
  "messageLength": 60,
  "hasTemplate": true,
  "messageType": "TEMPLATE"
}
{
  "timestamp": "2026-02-15T20:36:22.215Z",
  "category": "fad_delivery",
  "action": "SEND_EXCEPTION",
  "recipient": "+967774577134",
  "error": "fetch failed",
  "stack": "TypeError: fetch failed\n    at node:internal/deps/undici/undici:16480:13\n    at process.processTicksAndRejections (node:internal/process/task_queues:104:5)\n    at async FadSmsProvider.sendTextMessage (F:\\my project\\nodejs\\whatsapp\\.next\\server\\chunks\\[root-of-the-server]__c8d25cbd._.js:1962:30)\n    at async WhatsAppNotificationService.sendViaProvider (F:\\my project\\nodejs\\whatsapp\\.next\\server\\chunks\\[root-of-the-server]__c8d25cbd._.js:2920:28)\n    at async Promise.allSettled (index 1)\n    at async WhatsAppNotificationService.send (F:\\my project\\nodejs\\whatsapp\\.next\\server\\chunks\\[root-of-the-server]__c8d25cbd._.js:2826:45)\n    at async POST (F:\\my project\\nodejs\\whatsapp\\.next\\server\\chunks\\[root-of-the-server]__c8d25cbd._.js:3556:18)\n    at async AppRouteRouteModule.do (F:\\my project\\nodejs\\whatsapp\\node_modules\\next\\dist\\compiled\\next-server\\app-route-turbo.runtime.dev.js:5:38696)\n    at async AppRouteRouteModule.handle (F:\\my project\\nodejs\\whatsapp\\node_modules\\next\\dist\\compiled\\next-server\\app-route-turbo.runtime.dev.js:5:45978)\n    at async responseGenerator (F:\\my project\\nodejs\\whatsapp\\.next\\server\\chunks\\node_modules_next_57e03122._.js:14164:38)\n    at async AppRouteRouteModule.handleResponse (F:\\my project\\nodejs\\whatsapp\\node_modules\\next\\dist\\compiled\\next-server\\app-route-turbo.runtime.dev.js:1:187643)\n    at async handleResponse (F:\\my project\\nodejs\\whatsapp\\.next\\server\\chunks\\node_modules_next_57e03122._.js:14226:32)\n    at async handler (F:\\my project\\nodejs\\whatsapp\\.next\\server\\chunks\\node_modules_next_57e03122._.js:14278:13)\n    at async DevServer.renderToResponseWithComponentsImpl (F:\\my project\\nodejs\\whatsapp\\node_modules\\next\\dist\\server\\base-server.js:1422:9)\n    at async DevServer.renderPageComponent (F:\\my project\\nodejs\\whatsapp\\node_modules\\next\\dist\\server\\base-server.js:1474:24)\n    at async DevServer.renderToResponseImpl (F:\\my project\\nodejs\\whatsapp\\node_modules\\next\\dist\\server\\base-server.js:1514:32)\n    at async DevServer.pipeImpl (F:\\my project\\nodejs\\whatsapp\\node_modules\\next\\dist\\server\\base-server.js:1025:25)\n    at async NextNodeServer.handleCatchallRenderRequest (F:\\my project\\nodejs\\whatsapp\\node_modules\\next\\dist\\server\\next-server.js:393:17)\n    at async DevServer.handleRequestImpl (F:\\my project\\nodejs\\whatsapp\\node_modules\\next\\dist\\server\\base-server.js:916:17)\n    at async F:\\my project\\nodejs\\whatsapp\\node_modules\\next\\dist\\server\\dev\\next-dev-server.js:399:20\n    at async Span.traceAsyncFn (F:\\my project\\nodejs\\whatsapp\\node_modules\\next\\dist\\trace\\trace.js:157:20)\n    at async DevServer.handleRequest (F:\\my project\\nodejs\\whatsapp\\node_modules\\next\\dist\\server\\dev\\next-dev-server.js:395:24)\n    at async invokeRender (F:\\my project\\nodejs\\whatsapp\\node_modules\\next\\dist\\server\\lib\\router-server.js:240:21)\n    at async handleRequest (F:\\my project\\nodejs\\whatsapp\\node_modules\\next\\dist\\server\\lib\\router-server.js:437:24)\n    at async requestHandlerImpl (F:\\my project\\nodejs\\whatsapp\\node_modules\\next\\dist\\server\\lib\\router-server.js:485:13)\n    at async Server.requestListener (F:\\my project\\nodejs\\whatsapp\\node_modules\\next\\dist\\server\\lib\\start-server.js:226:13)"
}
{
  "timestamp": "2026-02-15T20:36:25.583Z",
  "category": "fad_delivery",
  "action": "SEND_ATTEMPT",
  "transactionId": "1771187785583577134562",
  "originalRecipient": "+967774577134",
  "formattedNumber": "774577134",
  "messageLength": 70,
  "hasTemplate": true,
  "messageType": "TEMPLATE"
}
{
  "timestamp": "2026-02-15T20:36:36.223Z",
  "category": "fad_delivery",
  "action": "SEND_EXCEPTION",
  "recipient": "+967774577134",
  "error": "fetch failed",
  "stack": "TypeError: fetch failed\n    at node:internal/deps/undici/undici:16480:13\n    at process.processTicksAndRejections (node:internal/process/task_queues:104:5)\n    at async FadSmsProvider.sendTextMessage (F:\\my project\\nodejs\\whatsapp\\.next\\server\\chunks\\[root-of-the-server]__c8d25cbd._.js:1962:30)\n    at async WhatsAppNotificationService.sendViaProvider (F:\\my project\\nodejs\\whatsapp\\.next\\server\\chunks\\[root-of-the-server]__c8d25cbd._.js:2920:28)\n    at async Promise.allSettled (index 1)\n    at async WhatsAppNotificationService.send (F:\\my project\\nodejs\\whatsapp\\.next\\server\\chunks\\[root-of-the-server]__c8d25cbd._.js:2826:45)\n    at async POST (F:\\my project\\nodejs\\whatsapp\\.next\\server\\chunks\\[root-of-the-server]__c8d25cbd._.js:3556:18)\n    at async AppRouteRouteModule.do (F:\\my project\\nodejs\\whatsapp\\node_modules\\next\\dist\\compiled\\next-server\\app-route-turbo.runtime.dev.js:5:38696)\n    at async AppRouteRouteModule.handle (F:\\my project\\nodejs\\whatsapp\\node_modules\\next\\dist\\compiled\\next-server\\app-route-turbo.runtime.dev.js:5:45978)\n    at async responseGenerator (F:\\my project\\nodejs\\whatsapp\\.next\\server\\chunks\\node_modules_next_57e03122._.js:14164:38)\n    at async AppRouteRouteModule.handleResponse (F:\\my project\\nodejs\\whatsapp\\node_modules\\next\\dist\\compiled\\next-server\\app-route-turbo.runtime.dev.js:1:187643)\n    at async handleResponse (F:\\my project\\nodejs\\whatsapp\\.next\\server\\chunks\\node_modules_next_57e03122._.js:14226:32)\n    at async handler (F:\\my project\\nodejs\\whatsapp\\.next\\server\\chunks\\node_modules_next_57e03122._.js:14278:13)\n    at async DevServer.renderToResponseWithComponentsImpl (F:\\my project\\nodejs\\whatsapp\\node_modules\\next\\dist\\server\\base-server.js:1422:9)\n    at async DevServer.renderPageComponent (F:\\my project\\nodejs\\whatsapp\\node_modules\\next\\dist\\server\\base-server.js:1474:24)\n    at async DevServer.renderToResponseImpl (F:\\my project\\nodejs\\whatsapp\\node_modules\\next\\dist\\server\\base-server.js:1514:32)\n    at async DevServer.pipeImpl (F:\\my project\\nodejs\\whatsapp\\node_modules\\next\\dist\\server\\base-server.js:1025:25)\n    at async NextNodeServer.handleCatchallRenderRequest (F:\\my project\\nodejs\\whatsapp\\node_modules\\next\\dist\\server\\next-server.js:393:17)\n    at async DevServer.handleRequestImpl (F:\\my project\\nodejs\\whatsapp\\node_modules\\next\\dist\\server\\base-server.js:916:17)\n    at async F:\\my project\\nodejs\\whatsapp\\node_modules\\next\\dist\\server\\dev\\next-dev-server.js:399:20\n    at async Span.traceAsyncFn (F:\\my project\\nodejs\\whatsapp\\node_modules\\next\\dist\\trace\\trace.js:157:20)\n    at async DevServer.handleRequest (F:\\my project\\nodejs\\whatsapp\\node_modules\\next\\dist\\server\\dev\\next-dev-server.js:395:24)\n    at async invokeRender (F:\\my project\\nodejs\\whatsapp\\node_modules\\next\\dist\\server\\lib\\router-server.js:240:21)\n    at async handleRequest (F:\\my project\\nodejs\\whatsapp\\node_modules\\next\\dist\\server\\lib\\router-server.js:437:24)\n    at async requestHandlerImpl (F:\\my project\\nodejs\\whatsapp\\node_modules\\next\\dist\\server\\lib\\router-server.js:485:13)\n    at async Server.requestListener (F:\\my project\\nodejs\\whatsapp\\node_modules\\next\\dist\\server\\lib\\start-server.js:226:13)"
}
{
  "timestamp": "2026-02-15T20:36:39.569Z",
  "category": "fad_delivery",
  "action": "SEND_ATTEMPT",
  "transactionId": "1771187799569577134732",
  "originalRecipient": "+967774577134",
  "formattedNumber": "774577134",
  "messageLength": 36,
  "hasTemplate": true,
  "messageType": "TEMPLATE"
}
{
  "timestamp": "2026-02-15T20:36:50.193Z",
  "category": "fad_delivery",
  "action": "SEND_EXCEPTION",
  "recipient": "+967774577134",
  "error": "fetch failed",
  "stack": "TypeError: fetch failed\n    at node:internal/deps/undici/undici:16480:13\n    at process.processTicksAndRejections (node:internal/process/task_queues:104:5)\n    at async FadSmsProvider.sendTextMessage (F:\\my project\\nodejs\\whatsapp\\.next\\server\\chunks\\[root-of-the-server]__c8d25cbd._.js:1962:30)\n    at async WhatsAppNotificationService.sendViaProvider (F:\\my project\\nodejs\\whatsapp\\.next\\server\\chunks\\[root-of-the-server]__c8d25cbd._.js:2920:28)\n    at async Promise.allSettled (index 1)\n    at async WhatsAppNotificationService.send (F:\\my project\\nodejs\\whatsapp\\.next\\server\\chunks\\[root-of-the-server]__c8d25cbd._.js:2826:45)\n    at async POST (F:\\my project\\nodejs\\whatsapp\\.next\\server\\chunks\\[root-of-the-server]__c8d25cbd._.js:3556:18)\n    at async AppRouteRouteModule.do (F:\\my project\\nodejs\\whatsapp\\node_modules\\next\\dist\\compiled\\next-server\\app-route-turbo.runtime.dev.js:5:38696)\n    at async AppRouteRouteModule.handle (F:\\my project\\nodejs\\whatsapp\\node_modules\\next\\dist\\compiled\\next-server\\app-route-turbo.runtime.dev.js:5:45978)\n    at async responseGenerator (F:\\my project\\nodejs\\whatsapp\\.next\\server\\chunks\\node_modules_next_57e03122._.js:14164:38)\n    at async AppRouteRouteModule.handleResponse (F:\\my project\\nodejs\\whatsapp\\node_modules\\next\\dist\\compiled\\next-server\\app-route-turbo.runtime.dev.js:1:187643)\n    at async handleResponse (F:\\my project\\nodejs\\whatsapp\\.next\\server\\chunks\\node_modules_next_57e03122._.js:14226:32)\n    at async handler (F:\\my project\\nodejs\\whatsapp\\.next\\server\\chunks\\node_modules_next_57e03122._.js:14278:13)\n    at async DevServer.renderToResponseWithComponentsImpl (F:\\my project\\nodejs\\whatsapp\\node_modules\\next\\dist\\server\\base-server.js:1422:9)\n    at async DevServer.renderPageComponent (F:\\my project\\nodejs\\whatsapp\\node_modules\\next\\dist\\server\\base-server.js:1474:24)\n    at async DevServer.renderToResponseImpl (F:\\my project\\nodejs\\whatsapp\\node_modules\\next\\dist\\server\\base-server.js:1514:32)\n    at async DevServer.pipeImpl (F:\\my project\\nodejs\\whatsapp\\node_modules\\next\\dist\\server\\base-server.js:1025:25)\n    at async NextNodeServer.handleCatchallRenderRequest (F:\\my project\\nodejs\\whatsapp\\node_modules\\next\\dist\\server\\next-server.js:393:17)\n    at async DevServer.handleRequestImpl (F:\\my project\\nodejs\\whatsapp\\node_modules\\next\\dist\\server\\base-server.js:916:17)\n    at async F:\\my project\\nodejs\\whatsapp\\node_modules\\next\\dist\\server\\dev\\next-dev-server.js:399:20\n    at async Span.traceAsyncFn (F:\\my project\\nodejs\\whatsapp\\node_modules\\next\\dist\\trace\\trace.js:157:20)\n    at async DevServer.handleRequest (F:\\my project\\nodejs\\whatsapp\\node_modules\\next\\dist\\server\\dev\\next-dev-server.js:395:24)\n    at async invokeRender (F:\\my project\\nodejs\\whatsapp\\node_modules\\next\\dist\\server\\lib\\router-server.js:240:21)\n    at async handleRequest (F:\\my project\\nodejs\\whatsapp\\node_modules\\next\\dist\\server\\lib\\router-server.js:437:24)\n    at async requestHandlerImpl (F:\\my project\\nodejs\\whatsapp\\node_modules\\next\\dist\\server\\lib\\router-server.js:485:13)\n    at async Server.requestListener (F:\\my project\\nodejs\\whatsapp\\node_modules\\next\\dist\\server\\lib\\start-server.js:226:13)"
}
{
  "timestamp": "2026-02-15T20:37:05.967Z",
  "category": "fad_delivery",
  "action": "SEND_ATTEMPT",
  "transactionId": "1771187825967577134593",
  "originalRecipient": "+967774577134",
  "formattedNumber": "774577134",
  "messageLength": 60,
  "hasTemplate": true,
  "messageType": "TEMPLATE"
}
{
  "timestamp": "2026-02-15T20:37:16.643Z",
  "category": "fad_delivery",
  "action": "SEND_EXCEPTION",
  "recipient": "+967774577134",
  "error": "fetch failed",
  "stack": "TypeError: fetch failed\n    at node:internal/deps/undici/undici:16480:13\n    at process.processTicksAndRejections (node:internal/process/task_queues:104:5)\n    at async FadSmsProvider.sendTextMessage (F:\\my project\\nodejs\\whatsapp\\.next\\server\\chunks\\[root-of-the-server]__c8d25cbd._.js:1962:30)\n    at async WhatsAppNotificationService.sendViaProvider (F:\\my project\\nodejs\\whatsapp\\.next\\server\\chunks\\[root-of-the-server]__c8d25cbd._.js:2920:28)\n    at async Promise.allSettled (index 1)\n    at async WhatsAppNotificationService.send (F:\\my project\\nodejs\\whatsapp\\.next\\server\\chunks\\[root-of-the-server]__c8d25cbd._.js:2826:45)\n    at async POST (F:\\my project\\nodejs\\whatsapp\\.next\\server\\chunks\\[root-of-the-server]__c8d25cbd._.js:3556:18)\n    at async AppRouteRouteModule.do (F:\\my project\\nodejs\\whatsapp\\node_modules\\next\\dist\\compiled\\next-server\\app-route-turbo.runtime.dev.js:5:38696)\n    at async AppRouteRouteModule.handle (F:\\my project\\nodejs\\whatsapp\\node_modules\\next\\dist\\compiled\\next-server\\app-route-turbo.runtime.dev.js:5:45978)\n    at async responseGenerator (F:\\my project\\nodejs\\whatsapp\\.next\\server\\chunks\\node_modules_next_57e03122._.js:14164:38)\n    at async AppRouteRouteModule.handleResponse (F:\\my project\\nodejs\\whatsapp\\node_modules\\next\\dist\\compiled\\next-server\\app-route-turbo.runtime.dev.js:1:187643)\n    at async handleResponse (F:\\my project\\nodejs\\whatsapp\\.next\\server\\chunks\\node_modules_next_57e03122._.js:14226:32)\n    at async handler (F:\\my project\\nodejs\\whatsapp\\.next\\server\\chunks\\node_modules_next_57e03122._.js:14278:13)\n    at async DevServer.renderToResponseWithComponentsImpl (F:\\my project\\nodejs\\whatsapp\\node_modules\\next\\dist\\server\\base-server.js:1422:9)\n    at async DevServer.renderPageComponent (F:\\my project\\nodejs\\whatsapp\\node_modules\\next\\dist\\server\\base-server.js:1474:24)\n    at async DevServer.renderToResponseImpl (F:\\my project\\nodejs\\whatsapp\\node_modules\\next\\dist\\server\\base-server.js:1514:32)\n    at async DevServer.pipeImpl (F:\\my project\\nodejs\\whatsapp\\node_modules\\next\\dist\\server\\base-server.js:1025:25)\n    at async NextNodeServer.handleCatchallRenderRequest (F:\\my project\\nodejs\\whatsapp\\node_modules\\next\\dist\\server\\next-server.js:393:17)\n    at async DevServer.handleRequestImpl (F:\\my project\\nodejs\\whatsapp\\node_modules\\next\\dist\\server\\base-server.js:916:17)\n    at async F:\\my project\\nodejs\\whatsapp\\node_modules\\next\\dist\\server\\dev\\next-dev-server.js:399:20\n    at async Span.traceAsyncFn (F:\\my project\\nodejs\\whatsapp\\node_modules\\next\\dist\\trace\\trace.js:157:20)\n    at async DevServer.handleRequest (F:\\my project\\nodejs\\whatsapp\\node_modules\\next\\dist\\server\\dev\\next-dev-server.js:395:24)\n    at async invokeRender (F:\\my project\\nodejs\\whatsapp\\node_modules\\next\\dist\\server\\lib\\router-server.js:240:21)\n    at async handleRequest (F:\\my project\\nodejs\\whatsapp\\node_modules\\next\\dist\\server\\lib\\router-server.js:437:24)\n    at async requestHandlerImpl (F:\\my project\\nodejs\\whatsapp\\node_modules\\next\\dist\\server\\lib\\router-server.js:485:13)\n    at async Server.requestListener (F:\\my project\\nodejs\\whatsapp\\node_modules\\next\\dist\\server\\lib\\start-server.js:226:13)"
}
{
  "timestamp": "2026-02-15T20:37:19.983Z",
  "category": "fad_delivery",
  "action": "SEND_ATTEMPT",
  "transactionId": "1771187839983577134685",
  "originalRecipient": "+967774577134",
  "formattedNumber": "774577134",
  "messageLength": 70,
  "hasTemplate": true,
  "messageType": "TEMPLATE"
}
{
  "timestamp": "2026-02-15T20:37:30.594Z",
  "category": "fad_delivery",
  "action": "SEND_EXCEPTION",
  "recipient": "+967774577134",
  "error": "fetch failed",
  "stack": "TypeError: fetch failed\n    at node:internal/deps/undici/undici:16480:13\n    at process.processTicksAndRejections (node:internal/process/task_queues:104:5)\n    at async FadSmsProvider.sendTextMessage (F:\\my project\\nodejs\\whatsapp\\.next\\server\\chunks\\[root-of-the-server]__c8d25cbd._.js:1962:30)\n    at async WhatsAppNotificationService.sendViaProvider (F:\\my project\\nodejs\\whatsapp\\.next\\server\\chunks\\[root-of-the-server]__c8d25cbd._.js:2920:28)\n    at async Promise.allSettled (index 1)\n    at async WhatsAppNotificationService.send (F:\\my project\\nodejs\\whatsapp\\.next\\server\\chunks\\[root-of-the-server]__c8d25cbd._.js:2826:45)\n    at async POST (F:\\my project\\nodejs\\whatsapp\\.next\\server\\chunks\\[root-of-the-server]__c8d25cbd._.js:3556:18)\n    at async AppRouteRouteModule.do (F:\\my project\\nodejs\\whatsapp\\node_modules\\next\\dist\\compiled\\next-server\\app-route-turbo.runtime.dev.js:5:38696)\n    at async AppRouteRouteModule.handle (F:\\my project\\nodejs\\whatsapp\\node_modules\\next\\dist\\compiled\\next-server\\app-route-turbo.runtime.dev.js:5:45978)\n    at async responseGenerator (F:\\my project\\nodejs\\whatsapp\\.next\\server\\chunks\\node_modules_next_57e03122._.js:14164:38)\n    at async AppRouteRouteModule.handleResponse (F:\\my project\\nodejs\\whatsapp\\node_modules\\next\\dist\\compiled\\next-server\\app-route-turbo.runtime.dev.js:1:187643)\n    at async handleResponse (F:\\my project\\nodejs\\whatsapp\\.next\\server\\chunks\\node_modules_next_57e03122._.js:14226:32)\n    at async handler (F:\\my project\\nodejs\\whatsapp\\.next\\server\\chunks\\node_modules_next_57e03122._.js:14278:13)\n    at async DevServer.renderToResponseWithComponentsImpl (F:\\my project\\nodejs\\whatsapp\\node_modules\\next\\dist\\server\\base-server.js:1422:9)\n    at async DevServer.renderPageComponent (F:\\my project\\nodejs\\whatsapp\\node_modules\\next\\dist\\server\\base-server.js:1474:24)\n    at async DevServer.renderToResponseImpl (F:\\my project\\nodejs\\whatsapp\\node_modules\\next\\dist\\server\\base-server.js:1514:32)\n    at async DevServer.pipeImpl (F:\\my project\\nodejs\\whatsapp\\node_modules\\next\\dist\\server\\base-server.js:1025:25)\n    at async NextNodeServer.handleCatchallRenderRequest (F:\\my project\\nodejs\\whatsapp\\node_modules\\next\\dist\\server\\next-server.js:393:17)\n    at async DevServer.handleRequestImpl (F:\\my project\\nodejs\\whatsapp\\node_modules\\next\\dist\\server\\base-server.js:916:17)\n    at async F:\\my project\\nodejs\\whatsapp\\node_modules\\next\\dist\\server\\dev\\next-dev-server.js:399:20\n    at async Span.traceAsyncFn (F:\\my project\\nodejs\\whatsapp\\node_modules\\next\\dist\\trace\\trace.js:157:20)\n    at async DevServer.handleRequest (F:\\my project\\nodejs\\whatsapp\\node_modules\\next\\dist\\server\\dev\\next-dev-server.js:395:24)\n    at async invokeRender (F:\\my project\\nodejs\\whatsapp\\node_modules\\next\\dist\\server\\lib\\router-server.js:240:21)\n    at async handleRequest (F:\\my project\\nodejs\\whatsapp\\node_modules\\next\\dist\\server\\lib\\router-server.js:437:24)\n    at async requestHandlerImpl (F:\\my project\\nodejs\\whatsapp\\node_modules\\next\\dist\\server\\lib\\router-server.js:485:13)\n    at async Server.requestListener (F:\\my project\\nodejs\\whatsapp\\node_modules\\next\\dist\\server\\lib\\start-server.js:226:13)"
}
{
  "timestamp": "2026-02-15T20:37:33.924Z",
  "category": "fad_delivery",
  "action": "SEND_ATTEMPT",
  "transactionId": "1771187853924577134702",
  "originalRecipient": "+967774577134",
  "formattedNumber": "774577134",
  "messageLength": 36,
  "hasTemplate": true,
  "messageType": "TEMPLATE"
}
{
  "timestamp": "2026-02-15T20:37:38.514Z",
  "category": "fad_delivery",
  "action": "SEND_ATTEMPT",
  "transactionId": "1771187858514577134377",
  "originalRecipient": "+967774577134",
  "formattedNumber": "774577134",
  "messageLength": 12,
  "hasTemplate": true,
  "messageType": "TEMPLATE"
}
{
  "timestamp": "2026-02-15T20:37:44.529Z",
  "category": "fad_delivery",
  "action": "SEND_EXCEPTION",
  "recipient": "+967774577134",
  "error": "fetch failed",
  "stack": "TypeError: fetch failed\n    at node:internal/deps/undici/undici:16480:13\n    at process.processTicksAndRejections (node:internal/process/task_queues:104:5)\n    at async FadSmsProvider.sendTextMessage (F:\\my project\\nodejs\\whatsapp\\.next\\server\\chunks\\[root-of-the-server]__c8d25cbd._.js:1962:30)\n    at async WhatsAppNotificationService.sendViaProvider (F:\\my project\\nodejs\\whatsapp\\.next\\server\\chunks\\[root-of-the-server]__c8d25cbd._.js:2920:28)\n    at async Promise.allSettled (index 1)\n    at async WhatsAppNotificationService.send (F:\\my project\\nodejs\\whatsapp\\.next\\server\\chunks\\[root-of-the-server]__c8d25cbd._.js:2826:45)\n    at async POST (F:\\my project\\nodejs\\whatsapp\\.next\\server\\chunks\\[root-of-the-server]__c8d25cbd._.js:3556:18)\n    at async AppRouteRouteModule.do (F:\\my project\\nodejs\\whatsapp\\node_modules\\next\\dist\\compiled\\next-server\\app-route-turbo.runtime.dev.js:5:38696)\n    at async AppRouteRouteModule.handle (F:\\my project\\nodejs\\whatsapp\\node_modules\\next\\dist\\compiled\\next-server\\app-route-turbo.runtime.dev.js:5:45978)\n    at async responseGenerator (F:\\my project\\nodejs\\whatsapp\\.next\\server\\chunks\\node_modules_next_57e03122._.js:14164:38)\n    at async AppRouteRouteModule.handleResponse (F:\\my project\\nodejs\\whatsapp\\node_modules\\next\\dist\\compiled\\next-server\\app-route-turbo.runtime.dev.js:1:187643)\n    at async handleResponse (F:\\my project\\nodejs\\whatsapp\\.next\\server\\chunks\\node_modules_next_57e03122._.js:14226:32)\n    at async handler (F:\\my project\\nodejs\\whatsapp\\.next\\server\\chunks\\node_modules_next_57e03122._.js:14278:13)\n    at async DevServer.renderToResponseWithComponentsImpl (F:\\my project\\nodejs\\whatsapp\\node_modules\\next\\dist\\server\\base-server.js:1422:9)\n    at async DevServer.renderPageComponent (F:\\my project\\nodejs\\whatsapp\\node_modules\\next\\dist\\server\\base-server.js:1474:24)\n    at async DevServer.renderToResponseImpl (F:\\my project\\nodejs\\whatsapp\\node_modules\\next\\dist\\server\\base-server.js:1514:32)\n    at async DevServer.pipeImpl (F:\\my project\\nodejs\\whatsapp\\node_modules\\next\\dist\\server\\base-server.js:1025:25)\n    at async NextNodeServer.handleCatchallRenderRequest (F:\\my project\\nodejs\\whatsapp\\node_modules\\next\\dist\\server\\next-server.js:393:17)\n    at async DevServer.handleRequestImpl (F:\\my project\\nodejs\\whatsapp\\node_modules\\next\\dist\\server\\base-server.js:916:17)\n    at async F:\\my project\\nodejs\\whatsapp\\node_modules\\next\\dist\\server\\dev\\next-dev-server.js:399:20\n    at async Span.traceAsyncFn (F:\\my project\\nodejs\\whatsapp\\node_modules\\next\\dist\\trace\\trace.js:157:20)\n    at async DevServer.handleRequest (F:\\my project\\nodejs\\whatsapp\\node_modules\\next\\dist\\server\\dev\\next-dev-server.js:395:24)\n    at async invokeRender (F:\\my project\\nodejs\\whatsapp\\node_modules\\next\\dist\\server\\lib\\router-server.js:240:21)\n    at async handleRequest (F:\\my project\\nodejs\\whatsapp\\node_modules\\next\\dist\\server\\lib\\router-server.js:437:24)\n    at async requestHandlerImpl (F:\\my project\\nodejs\\whatsapp\\node_modules\\next\\dist\\server\\lib\\router-server.js:485:13)\n    at async Server.requestListener (F:\\my project\\nodejs\\whatsapp\\node_modules\\next\\dist\\server\\lib\\start-server.js:226:13)"
}
{
  "timestamp": "2026-02-15T20:37:49.107Z",
  "category": "fad_delivery",
  "action": "SEND_EXCEPTION",
  "recipient": "+967774577134",
  "error": "fetch failed",
  "stack": "TypeError: fetch failed\n    at node:internal/deps/undici/undici:16480:13\n    at process.processTicksAndRejections (node:internal/process/task_queues:104:5)\n    at async FadSmsProvider.sendTextMessage (F:\\my project\\nodejs\\whatsapp\\.next\\server\\chunks\\[root-of-the-server]__c8d25cbd._.js:1962:30)\n    at async WhatsAppNotificationService.sendViaProvider (F:\\my project\\nodejs\\whatsapp\\.next\\server\\chunks\\[root-of-the-server]__c8d25cbd._.js:2920:28)\n    at async Promise.allSettled (index 1)\n    at async WhatsAppNotificationService.send (F:\\my project\\nodejs\\whatsapp\\.next\\server\\chunks\\[root-of-the-server]__c8d25cbd._.js:2826:45)\n    at async POST (F:\\my project\\nodejs\\whatsapp\\.next\\server\\chunks\\[root-of-the-server]__c8d25cbd._.js:3556:18)\n    at async AppRouteRouteModule.do (F:\\my project\\nodejs\\whatsapp\\node_modules\\next\\dist\\compiled\\next-server\\app-route-turbo.runtime.dev.js:5:38696)\n    at async AppRouteRouteModule.handle (F:\\my project\\nodejs\\whatsapp\\node_modules\\next\\dist\\compiled\\next-server\\app-route-turbo.runtime.dev.js:5:45978)\n    at async responseGenerator (F:\\my project\\nodejs\\whatsapp\\.next\\server\\chunks\\node_modules_next_57e03122._.js:14164:38)\n    at async AppRouteRouteModule.handleResponse (F:\\my project\\nodejs\\whatsapp\\node_modules\\next\\dist\\compiled\\next-server\\app-route-turbo.runtime.dev.js:1:187643)\n    at async handleResponse (F:\\my project\\nodejs\\whatsapp\\.next\\server\\chunks\\node_modules_next_57e03122._.js:14226:32)\n    at async handler (F:\\my project\\nodejs\\whatsapp\\.next\\server\\chunks\\node_modules_next_57e03122._.js:14278:13)\n    at async DevServer.renderToResponseWithComponentsImpl (F:\\my project\\nodejs\\whatsapp\\node_modules\\next\\dist\\server\\base-server.js:1422:9)\n    at async DevServer.renderPageComponent (F:\\my project\\nodejs\\whatsapp\\node_modules\\next\\dist\\server\\base-server.js:1474:24)\n    at async DevServer.renderToResponseImpl (F:\\my project\\nodejs\\whatsapp\\node_modules\\next\\dist\\server\\base-server.js:1514:32)\n    at async DevServer.pipeImpl (F:\\my project\\nodejs\\whatsapp\\node_modules\\next\\dist\\server\\base-server.js:1025:25)\n    at async NextNodeServer.handleCatchallRenderRequest (F:\\my project\\nodejs\\whatsapp\\node_modules\\next\\dist\\server\\next-server.js:393:17)\n    at async DevServer.handleRequestImpl (F:\\my project\\nodejs\\whatsapp\\node_modules\\next\\dist\\server\\base-server.js:916:17)\n    at async F:\\my project\\nodejs\\whatsapp\\node_modules\\next\\dist\\server\\dev\\next-dev-server.js:399:20\n    at async Span.traceAsyncFn (F:\\my project\\nodejs\\whatsapp\\node_modules\\next\\dist\\trace\\trace.js:157:20)\n    at async DevServer.handleRequest (F:\\my project\\nodejs\\whatsapp\\node_modules\\next\\dist\\server\\dev\\next-dev-server.js:395:24)\n    at async invokeRender (F:\\my project\\nodejs\\whatsapp\\node_modules\\next\\dist\\server\\lib\\router-server.js:240:21)\n    at async handleRequest (F:\\my project\\nodejs\\whatsapp\\node_modules\\next\\dist\\server\\lib\\router-server.js:437:24)\n    at async requestHandlerImpl (F:\\my project\\nodejs\\whatsapp\\node_modules\\next\\dist\\server\\lib\\router-server.js:485:13)\n    at async Server.requestListener (F:\\my project\\nodejs\\whatsapp\\node_modules\\next\\dist\\server\\lib\\start-server.js:226:13)"
}
{
  "timestamp": "2026-02-15T20:39:24.066Z",
  "category": "fad_delivery",
  "action": "SEND_ATTEMPT",
  "transactionId": "1771187964066577134283",
  "originalRecipient": "+967774577134",
  "formattedNumber": "774577134",
  "messageLength": 60,
  "hasTemplate": true,
  "messageType": "TEMPLATE"
}
{
  "timestamp": "2026-02-15T20:39:34.737Z",
  "category": "fad_delivery",
  "action": "SEND_EXCEPTION",
  "recipient": "+967774577134",
  "error": "fetch failed",
  "stack": "TypeError: fetch failed\n    at node:internal/deps/undici/undici:16480:13\n    at process.processTicksAndRejections (node:internal/process/task_queues:104:5)\n    at async FadSmsProvider.sendTextMessage (F:\\my project\\nodejs\\whatsapp\\.next\\server\\chunks\\[root-of-the-server]__c8d25cbd._.js:1962:30)\n    at async WhatsAppNotificationService.sendViaProvider (F:\\my project\\nodejs\\whatsapp\\.next\\server\\chunks\\[root-of-the-server]__c8d25cbd._.js:2920:28)\n    at async Promise.allSettled (index 1)\n    at async WhatsAppNotificationService.send (F:\\my project\\nodejs\\whatsapp\\.next\\server\\chunks\\[root-of-the-server]__c8d25cbd._.js:2826:45)\n    at async POST (F:\\my project\\nodejs\\whatsapp\\.next\\server\\chunks\\[root-of-the-server]__c8d25cbd._.js:3556:18)\n    at async AppRouteRouteModule.do (F:\\my project\\nodejs\\whatsapp\\node_modules\\next\\dist\\compiled\\next-server\\app-route-turbo.runtime.dev.js:5:38696)\n    at async AppRouteRouteModule.handle (F:\\my project\\nodejs\\whatsapp\\node_modules\\next\\dist\\compiled\\next-server\\app-route-turbo.runtime.dev.js:5:45978)\n    at async responseGenerator (F:\\my project\\nodejs\\whatsapp\\.next\\server\\chunks\\node_modules_next_57e03122._.js:14164:38)\n    at async AppRouteRouteModule.handleResponse (F:\\my project\\nodejs\\whatsapp\\node_modules\\next\\dist\\compiled\\next-server\\app-route-turbo.runtime.dev.js:1:187643)\n    at async handleResponse (F:\\my project\\nodejs\\whatsapp\\.next\\server\\chunks\\node_modules_next_57e03122._.js:14226:32)\n    at async handler (F:\\my project\\nodejs\\whatsapp\\.next\\server\\chunks\\node_modules_next_57e03122._.js:14278:13)\n    at async DevServer.renderToResponseWithComponentsImpl (F:\\my project\\nodejs\\whatsapp\\node_modules\\next\\dist\\server\\base-server.js:1422:9)\n    at async DevServer.renderPageComponent (F:\\my project\\nodejs\\whatsapp\\node_modules\\next\\dist\\server\\base-server.js:1474:24)\n    at async DevServer.renderToResponseImpl (F:\\my project\\nodejs\\whatsapp\\node_modules\\next\\dist\\server\\base-server.js:1514:32)\n    at async DevServer.pipeImpl (F:\\my project\\nodejs\\whatsapp\\node_modules\\next\\dist\\server\\base-server.js:1025:25)\n    at async NextNodeServer.handleCatchallRenderRequest (F:\\my project\\nodejs\\whatsapp\\node_modules\\next\\dist\\server\\next-server.js:393:17)\n    at async DevServer.handleRequestImpl (F:\\my project\\nodejs\\whatsapp\\node_modules\\next\\dist\\server\\base-server.js:916:17)\n    at async F:\\my project\\nodejs\\whatsapp\\node_modules\\next\\dist\\server\\dev\\next-dev-server.js:399:20\n    at async Span.traceAsyncFn (F:\\my project\\nodejs\\whatsapp\\node_modules\\next\\dist\\trace\\trace.js:157:20)\n    at async DevServer.handleRequest (F:\\my project\\nodejs\\whatsapp\\node_modules\\next\\dist\\server\\dev\\next-dev-server.js:395:24)\n    at async invokeRender (F:\\my project\\nodejs\\whatsapp\\node_modules\\next\\dist\\server\\lib\\router-server.js:240:21)\n    at async handleRequest (F:\\my project\\nodejs\\whatsapp\\node_modules\\next\\dist\\server\\lib\\router-server.js:437:24)\n    at async requestHandlerImpl (F:\\my project\\nodejs\\whatsapp\\node_modules\\next\\dist\\server\\lib\\router-server.js:485:13)\n    at async Server.requestListener (F:\\my project\\nodejs\\whatsapp\\node_modules\\next\\dist\\server\\lib\\start-server.js:226:13)"
}
{
  "timestamp": "2026-02-15T20:39:38.150Z",
  "category": "fad_delivery",
  "action": "SEND_ATTEMPT",
  "transactionId": "1771187978150577134206",
  "originalRecipient": "+967774577134",
  "formattedNumber": "774577134",
  "messageLength": 70,
  "hasTemplate": true,
  "messageType": "TEMPLATE"
}
{
  "timestamp": "2026-02-15T20:39:48.737Z",
  "category": "fad_delivery",
  "action": "SEND_EXCEPTION",
  "recipient": "+967774577134",
  "error": "fetch failed",
  "stack": "TypeError: fetch failed\n    at node:internal/deps/undici/undici:16480:13\n    at process.processTicksAndRejections (node:internal/process/task_queues:104:5)\n    at async FadSmsProvider.sendTextMessage (F:\\my project\\nodejs\\whatsapp\\.next\\server\\chunks\\[root-of-the-server]__c8d25cbd._.js:1962:30)\n    at async WhatsAppNotificationService.sendViaProvider (F:\\my project\\nodejs\\whatsapp\\.next\\server\\chunks\\[root-of-the-server]__c8d25cbd._.js:2920:28)\n    at async Promise.allSettled (index 1)\n    at async WhatsAppNotificationService.send (F:\\my project\\nodejs\\whatsapp\\.next\\server\\chunks\\[root-of-the-server]__c8d25cbd._.js:2826:45)\n    at async POST (F:\\my project\\nodejs\\whatsapp\\.next\\server\\chunks\\[root-of-the-server]__c8d25cbd._.js:3556:18)\n    at async AppRouteRouteModule.do (F:\\my project\\nodejs\\whatsapp\\node_modules\\next\\dist\\compiled\\next-server\\app-route-turbo.runtime.dev.js:5:38696)\n    at async AppRouteRouteModule.handle (F:\\my project\\nodejs\\whatsapp\\node_modules\\next\\dist\\compiled\\next-server\\app-route-turbo.runtime.dev.js:5:45978)\n    at async responseGenerator (F:\\my project\\nodejs\\whatsapp\\.next\\server\\chunks\\node_modules_next_57e03122._.js:14164:38)\n    at async AppRouteRouteModule.handleResponse (F:\\my project\\nodejs\\whatsapp\\node_modules\\next\\dist\\compiled\\next-server\\app-route-turbo.runtime.dev.js:1:187643)\n    at async handleResponse (F:\\my project\\nodejs\\whatsapp\\.next\\server\\chunks\\node_modules_next_57e03122._.js:14226:32)\n    at async handler (F:\\my project\\nodejs\\whatsapp\\.next\\server\\chunks\\node_modules_next_57e03122._.js:14278:13)\n    at async DevServer.renderToResponseWithComponentsImpl (F:\\my project\\nodejs\\whatsapp\\node_modules\\next\\dist\\server\\base-server.js:1422:9)\n    at async DevServer.renderPageComponent (F:\\my project\\nodejs\\whatsapp\\node_modules\\next\\dist\\server\\base-server.js:1474:24)\n    at async DevServer.renderToResponseImpl (F:\\my project\\nodejs\\whatsapp\\node_modules\\next\\dist\\server\\base-server.js:1514:32)\n    at async DevServer.pipeImpl (F:\\my project\\nodejs\\whatsapp\\node_modules\\next\\dist\\server\\base-server.js:1025:25)\n    at async NextNodeServer.handleCatchallRenderRequest (F:\\my project\\nodejs\\whatsapp\\node_modules\\next\\dist\\server\\next-server.js:393:17)\n    at async DevServer.handleRequestImpl (F:\\my project\\nodejs\\whatsapp\\node_modules\\next\\dist\\server\\base-server.js:916:17)\n    at async F:\\my project\\nodejs\\whatsapp\\node_modules\\next\\dist\\server\\dev\\next-dev-server.js:399:20\n    at async Span.traceAsyncFn (F:\\my project\\nodejs\\whatsapp\\node_modules\\next\\dist\\trace\\trace.js:157:20)\n    at async DevServer.handleRequest (F:\\my project\\nodejs\\whatsapp\\node_modules\\next\\dist\\server\\dev\\next-dev-server.js:395:24)\n    at async invokeRender (F:\\my project\\nodejs\\whatsapp\\node_modules\\next\\dist\\server\\lib\\router-server.js:240:21)\n    at async handleRequest (F:\\my project\\nodejs\\whatsapp\\node_modules\\next\\dist\\server\\lib\\router-server.js:437:24)\n    at async requestHandlerImpl (F:\\my project\\nodejs\\whatsapp\\node_modules\\next\\dist\\server\\lib\\router-server.js:485:13)\n    at async Server.requestListener (F:\\my project\\nodejs\\whatsapp\\node_modules\\next\\dist\\server\\lib\\start-server.js:226:13)"
}
{
  "timestamp": "2026-02-15T20:39:52.118Z",
  "category": "fad_delivery",
  "action": "SEND_ATTEMPT",
  "transactionId": "1771187992118577134990",
  "originalRecipient": "+967774577134",
  "formattedNumber": "774577134",
  "messageLength": 36,
  "hasTemplate": true,
  "messageType": "TEMPLATE"
}
{
  "timestamp": "2026-02-15T20:40:02.745Z",
  "category": "fad_delivery",
  "action": "SEND_EXCEPTION",
  "recipient": "+967774577134",
  "error": "fetch failed",
  "stack": "TypeError: fetch failed\n    at node:internal/deps/undici/undici:16480:13\n    at process.processTicksAndRejections (node:internal/process/task_queues:104:5)\n    at async FadSmsProvider.sendTextMessage (F:\\my project\\nodejs\\whatsapp\\.next\\server\\chunks\\[root-of-the-server]__c8d25cbd._.js:1962:30)\n    at async WhatsAppNotificationService.sendViaProvider (F:\\my project\\nodejs\\whatsapp\\.next\\server\\chunks\\[root-of-the-server]__c8d25cbd._.js:2920:28)\n    at async Promise.allSettled (index 1)\n    at async WhatsAppNotificationService.send (F:\\my project\\nodejs\\whatsapp\\.next\\server\\chunks\\[root-of-the-server]__c8d25cbd._.js:2826:45)\n    at async POST (F:\\my project\\nodejs\\whatsapp\\.next\\server\\chunks\\[root-of-the-server]__c8d25cbd._.js:3556:18)\n    at async AppRouteRouteModule.do (F:\\my project\\nodejs\\whatsapp\\node_modules\\next\\dist\\compiled\\next-server\\app-route-turbo.runtime.dev.js:5:38696)\n    at async AppRouteRouteModule.handle (F:\\my project\\nodejs\\whatsapp\\node_modules\\next\\dist\\compiled\\next-server\\app-route-turbo.runtime.dev.js:5:45978)\n    at async responseGenerator (F:\\my project\\nodejs\\whatsapp\\.next\\server\\chunks\\node_modules_next_57e03122._.js:14164:38)\n    at async AppRouteRouteModule.handleResponse (F:\\my project\\nodejs\\whatsapp\\node_modules\\next\\dist\\compiled\\next-server\\app-route-turbo.runtime.dev.js:1:187643)\n    at async handleResponse (F:\\my project\\nodejs\\whatsapp\\.next\\server\\chunks\\node_modules_next_57e03122._.js:14226:32)\n    at async handler (F:\\my project\\nodejs\\whatsapp\\.next\\server\\chunks\\node_modules_next_57e03122._.js:14278:13)\n    at async DevServer.renderToResponseWithComponentsImpl (F:\\my project\\nodejs\\whatsapp\\node_modules\\next\\dist\\server\\base-server.js:1422:9)\n    at async DevServer.renderPageComponent (F:\\my project\\nodejs\\whatsapp\\node_modules\\next\\dist\\server\\base-server.js:1474:24)\n    at async DevServer.renderToResponseImpl (F:\\my project\\nodejs\\whatsapp\\node_modules\\next\\dist\\server\\base-server.js:1514:32)\n    at async DevServer.pipeImpl (F:\\my project\\nodejs\\whatsapp\\node_modules\\next\\dist\\server\\base-server.js:1025:25)\n    at async NextNodeServer.handleCatchallRenderRequest (F:\\my project\\nodejs\\whatsapp\\node_modules\\next\\dist\\server\\next-server.js:393:17)\n    at async DevServer.handleRequestImpl (F:\\my project\\nodejs\\whatsapp\\node_modules\\next\\dist\\server\\base-server.js:916:17)\n    at async F:\\my project\\nodejs\\whatsapp\\node_modules\\next\\dist\\server\\dev\\next-dev-server.js:399:20\n    at async Span.traceAsyncFn (F:\\my project\\nodejs\\whatsapp\\node_modules\\next\\dist\\trace\\trace.js:157:20)\n    at async DevServer.handleRequest (F:\\my project\\nodejs\\whatsapp\\node_modules\\next\\dist\\server\\dev\\next-dev-server.js:395:24)\n    at async invokeRender (F:\\my project\\nodejs\\whatsapp\\node_modules\\next\\dist\\server\\lib\\router-server.js:240:21)\n    at async handleRequest (F:\\my project\\nodejs\\whatsapp\\node_modules\\next\\dist\\server\\lib\\router-server.js:437:24)\n    at async requestHandlerImpl (F:\\my project\\nodejs\\whatsapp\\node_modules\\next\\dist\\server\\lib\\router-server.js:485:13)\n    at async Server.requestListener (F:\\my project\\nodejs\\whatsapp\\node_modules\\next\\dist\\server\\lib\\start-server.js:226:13)"
}
{
  "timestamp": "2026-02-15T20:40:20.814Z",
  "category": "fad_delivery",
  "action": "SEND_ATTEMPT",
  "transactionId": "1771188020814577134695",
  "originalRecipient": "+967774577134",
  "formattedNumber": "774577134",
  "messageLength": 12,
  "hasTemplate": true,
  "messageType": "TEMPLATE"
}
{
  "timestamp": "2026-02-15T20:40:31.456Z",
  "category": "fad_delivery",
  "action": "SEND_EXCEPTION",
  "recipient": "+967774577134",
  "error": "fetch failed",
  "stack": "TypeError: fetch failed\n    at node:internal/deps/undici/undici:16480:13\n    at process.processTicksAndRejections (node:internal/process/task_queues:104:5)\n    at async FadSmsProvider.sendTextMessage (F:\\my project\\nodejs\\whatsapp\\.next\\server\\chunks\\[root-of-the-server]__c8d25cbd._.js:1962:30)\n    at async WhatsAppNotificationService.sendViaProvider (F:\\my project\\nodejs\\whatsapp\\.next\\server\\chunks\\[root-of-the-server]__c8d25cbd._.js:2920:28)\n    at async Promise.allSettled (index 1)\n    at async WhatsAppNotificationService.send (F:\\my project\\nodejs\\whatsapp\\.next\\server\\chunks\\[root-of-the-server]__c8d25cbd._.js:2826:45)\n    at async POST (F:\\my project\\nodejs\\whatsapp\\.next\\server\\chunks\\[root-of-the-server]__c8d25cbd._.js:3556:18)\n    at async AppRouteRouteModule.do (F:\\my project\\nodejs\\whatsapp\\node_modules\\next\\dist\\compiled\\next-server\\app-route-turbo.runtime.dev.js:5:38696)\n    at async AppRouteRouteModule.handle (F:\\my project\\nodejs\\whatsapp\\node_modules\\next\\dist\\compiled\\next-server\\app-route-turbo.runtime.dev.js:5:45978)\n    at async responseGenerator (F:\\my project\\nodejs\\whatsapp\\.next\\server\\chunks\\node_modules_next_57e03122._.js:14164:38)\n    at async AppRouteRouteModule.handleResponse (F:\\my project\\nodejs\\whatsapp\\node_modules\\next\\dist\\compiled\\next-server\\app-route-turbo.runtime.dev.js:1:187643)\n    at async handleResponse (F:\\my project\\nodejs\\whatsapp\\.next\\server\\chunks\\node_modules_next_57e03122._.js:14226:32)\n    at async handler (F:\\my project\\nodejs\\whatsapp\\.next\\server\\chunks\\node_modules_next_57e03122._.js:14278:13)\n    at async DevServer.renderToResponseWithComponentsImpl (F:\\my project\\nodejs\\whatsapp\\node_modules\\next\\dist\\server\\base-server.js:1422:9)\n    at async DevServer.renderPageComponent (F:\\my project\\nodejs\\whatsapp\\node_modules\\next\\dist\\server\\base-server.js:1474:24)\n    at async DevServer.renderToResponseImpl (F:\\my project\\nodejs\\whatsapp\\node_modules\\next\\dist\\server\\base-server.js:1514:32)\n    at async DevServer.pipeImpl (F:\\my project\\nodejs\\whatsapp\\node_modules\\next\\dist\\server\\base-server.js:1025:25)\n    at async NextNodeServer.handleCatchallRenderRequest (F:\\my project\\nodejs\\whatsapp\\node_modules\\next\\dist\\server\\next-server.js:393:17)\n    at async DevServer.handleRequestImpl (F:\\my project\\nodejs\\whatsapp\\node_modules\\next\\dist\\server\\base-server.js:916:17)\n    at async F:\\my project\\nodejs\\whatsapp\\node_modules\\next\\dist\\server\\dev\\next-dev-server.js:399:20\n    at async Span.traceAsyncFn (F:\\my project\\nodejs\\whatsapp\\node_modules\\next\\dist\\trace\\trace.js:157:20)\n    at async DevServer.handleRequest (F:\\my project\\nodejs\\whatsapp\\node_modules\\next\\dist\\server\\dev\\next-dev-server.js:395:24)\n    at async invokeRender (F:\\my project\\nodejs\\whatsapp\\node_modules\\next\\dist\\server\\lib\\router-server.js:240:21)\n    at async handleRequest (F:\\my project\\nodejs\\whatsapp\\node_modules\\next\\dist\\server\\lib\\router-server.js:437:24)\n    at async requestHandlerImpl (F:\\my project\\nodejs\\whatsapp\\node_modules\\next\\dist\\server\\lib\\router-server.js:485:13)\n    at async Server.requestListener (F:\\my project\\nodejs\\whatsapp\\node_modules\\next\\dist\\server\\lib\\start-server.js:226:13)"
}
{
  "timestamp": "2026-02-15T20:41:02.868Z",
  "category": "fad_delivery",
  "action": "SEND_ATTEMPT",
  "transactionId": "1771188062868577134467",
  "originalRecipient": "+967774577134",
  "formattedNumber": "774577134",
  "messageLength": 10,
  "hasTemplate": true,
  "messageType": "TEMPLATE"
}
{
  "timestamp": "2026-02-15T20:41:13.527Z",
  "category": "fad_delivery",
  "action": "SEND_EXCEPTION",
  "recipient": "+967774577134",
  "error": "fetch failed",
  "stack": "TypeError: fetch failed\n    at node:internal/deps/undici/undici:16480:13\n    at process.processTicksAndRejections (node:internal/process/task_queues:104:5)\n    at async FadSmsProvider.sendTextMessage (F:\\my project\\nodejs\\whatsapp\\.next\\server\\chunks\\[root-of-the-server]__c8d25cbd._.js:1962:30)\n    at async WhatsAppNotificationService.sendViaProvider (F:\\my project\\nodejs\\whatsapp\\.next\\server\\chunks\\[root-of-the-server]__c8d25cbd._.js:2920:28)\n    at async Promise.allSettled (index 1)\n    at async WhatsAppNotificationService.send (F:\\my project\\nodejs\\whatsapp\\.next\\server\\chunks\\[root-of-the-server]__c8d25cbd._.js:2826:45)\n    at async POST (F:\\my project\\nodejs\\whatsapp\\.next\\server\\chunks\\[root-of-the-server]__c8d25cbd._.js:3556:18)\n    at async AppRouteRouteModule.do (F:\\my project\\nodejs\\whatsapp\\node_modules\\next\\dist\\compiled\\next-server\\app-route-turbo.runtime.dev.js:5:38696)\n    at async AppRouteRouteModule.handle (F:\\my project\\nodejs\\whatsapp\\node_modules\\next\\dist\\compiled\\next-server\\app-route-turbo.runtime.dev.js:5:45978)\n    at async responseGenerator (F:\\my project\\nodejs\\whatsapp\\.next\\server\\chunks\\node_modules_next_57e03122._.js:14164:38)\n    at async AppRouteRouteModule.handleResponse (F:\\my project\\nodejs\\whatsapp\\node_modules\\next\\dist\\compiled\\next-server\\app-route-turbo.runtime.dev.js:1:187643)\n    at async handleResponse (F:\\my project\\nodejs\\whatsapp\\.next\\server\\chunks\\node_modules_next_57e03122._.js:14226:32)\n    at async handler (F:\\my project\\nodejs\\whatsapp\\.next\\server\\chunks\\node_modules_next_57e03122._.js:14278:13)\n    at async DevServer.renderToResponseWithComponentsImpl (F:\\my project\\nodejs\\whatsapp\\node_modules\\next\\dist\\server\\base-server.js:1422:9)\n    at async DevServer.renderPageComponent (F:\\my project\\nodejs\\whatsapp\\node_modules\\next\\dist\\server\\base-server.js:1474:24)\n    at async DevServer.renderToResponseImpl (F:\\my project\\nodejs\\whatsapp\\node_modules\\next\\dist\\server\\base-server.js:1514:32)\n    at async DevServer.pipeImpl (F:\\my project\\nodejs\\whatsapp\\node_modules\\next\\dist\\server\\base-server.js:1025:25)\n    at async NextNodeServer.handleCatchallRenderRequest (F:\\my project\\nodejs\\whatsapp\\node_modules\\next\\dist\\server\\next-server.js:393:17)\n    at async DevServer.handleRequestImpl (F:\\my project\\nodejs\\whatsapp\\node_modules\\next\\dist\\server\\base-server.js:916:17)\n    at async F:\\my project\\nodejs\\whatsapp\\node_modules\\next\\dist\\server\\dev\\next-dev-server.js:399:20\n    at async Span.traceAsyncFn (F:\\my project\\nodejs\\whatsapp\\node_modules\\next\\dist\\trace\\trace.js:157:20)\n    at async DevServer.handleRequest (F:\\my project\\nodejs\\whatsapp\\node_modules\\next\\dist\\server\\dev\\next-dev-server.js:395:24)\n    at async invokeRender (F:\\my project\\nodejs\\whatsapp\\node_modules\\next\\dist\\server\\lib\\router-server.js:240:21)\n    at async handleRequest (F:\\my project\\nodejs\\whatsapp\\node_modules\\next\\dist\\server\\lib\\router-server.js:437:24)\n    at async requestHandlerImpl (F:\\my project\\nodejs\\whatsapp\\node_modules\\next\\dist\\server\\lib\\router-server.js:485:13)\n    at async Server.requestListener (F:\\my project\\nodejs\\whatsapp\\node_modules\\next\\dist\\server\\lib\\start-server.js:226:13)"
}
